<testsuite name="Mocha Tests" tests="5" failures="0" errors="0" skipped="0" timestamp="Fri, 09 Sep 2022 05:22:48 GMT" time="0.071">
<testcase classname="Task complete test cases" name="Verify that delete and edit button is there for each task  " time="0.02"/>
<testcase classname="Task complete test cases" name="Verify that delete is clickable and we are able to delete  a task" time="0.007"/>
<testcase classname="Task complete test cases" name="Verify that task is deleted succesfully" time="0.007"/>
<testcase classname="Task complete test cases" name="Verify that task have been edited succesfully" time="0.005"/>
<testcase classname="Task complete test cases" name="Verify that deleted task is no more there afgaints the task" time="0.007"/>
</testsuite>
