{
  "stats": {
    "suites": 1,
    "tests": 3,
    "passes": 3,
    "pending": 0,
    "failures": 0,
    "start": "2022-09-09T05:31:42.237Z",
    "end": "2022-09-09T05:31:42.953Z",
    "duration": 716,
    "testsRegistered": 3,
    "passPercent": 100,
    "pendingPercent": 0,
    "other": 0,
    "hasOther": false,
    "skipped": 0,
    "hasSkipped": false
  },
  "results": [
    {
      "uuid": "6fa16469-737a-4833-b9bc-96f2162eaf1d",
      "title": "",
      "fullFile": "cypress/e2e/TaskCrud/Completed.cy.js",
      "file": "cypress/e2e/TaskCrud/Completed.cy.js",
      "beforeHooks": [],
      "afterHooks": [],
      "tests": [],
      "suites": [
        {
          "uuid": "84eaa547-8019-4a2f-ba06-bf4374df2a08",
          "title": "Task complete test cases",
          "fullFile": "",
          "file": "",
          "beforeHooks": [],
          "afterHooks": [],
          "tests": [
            {
              "title": "task is added marekd completed ",
              "fullTitle": "Task complete test cases task is added marekd completed ",
              "timedOut": null,
              "duration": 601,
              "state": "passed",
              "speed": "fast",
              "pass": true,
              "fail": false,
              "pending": false,
              "context": null,
              "code": "cy.createTask(\"unique\");\ncy.get(\".todo-list li\").within(() => {\n  cy.contains(\"unique\").parent().find(\"input[type='checkbox']\").check().should(\"be.checked\");\n});",
              "err": {},
              "uuid": "3ed2b26a-e418-460b-ba81-bff0a46e5094",
              "parentUUID": "84eaa547-8019-4a2f-ba06-bf4374df2a08",
              "isHook": false,
              "skipped": false
            },
            {
              "title": "completed task sould be reflected under completed tab",
              "fullTitle": "Task complete test cases completed task sould be reflected under completed tab",
              "timedOut": null,
              "duration": 77,
              "state": "passed",
              "speed": "fast",
              "pass": true,
              "fail": false,
              "pending": false,
              "context": null,
              "code": "cy.get('button:contains(\"Completed\")').should(\"exist\").click({\n  force: true\n});\ncy.FindCompletedByText(\"unique\");",
              "err": {},
              "uuid": "fcceb9ca-62cb-49ba-b8d1-44936d9b02cd",
              "parentUUID": "84eaa547-8019-4a2f-ba06-bf4374df2a08",
              "isHook": false,
              "skipped": false
            },
            {
              "title": "all the tasks with checked status should be reflected as completed",
              "fullTitle": "Task complete test cases all the tasks with checked status should be reflected as completed",
              "timedOut": null,
              "duration": 13,
              "state": "passed",
              "speed": "fast",
              "pass": true,
              "fail": false,
              "pending": false,
              "context": null,
              "code": "// cy.get('button:contains(\"Completed\")').should(\"exist\").click({force:true});\ncy.get('input[type=\"checkbox\"]').as('checkboxes');\ncy.get('@checkboxes').each(checkbox => {\n  expect(checkbox[0].checked).to.equal(true);\n});",
              "err": {},
              "uuid": "8e6d0a3f-c0f5-4325-8976-e7879b14e11c",
              "parentUUID": "84eaa547-8019-4a2f-ba06-bf4374df2a08",
              "isHook": false,
              "skipped": false
            }
          ],
          "suites": [],
          "passes": [
            "3ed2b26a-e418-460b-ba81-bff0a46e5094",
            "fcceb9ca-62cb-49ba-b8d1-44936d9b02cd",
            "8e6d0a3f-c0f5-4325-8976-e7879b14e11c"
          ],
          "failures": [],
          "pending": [],
          "skipped": [],
          "duration": 691,
          "root": false,
          "rootEmpty": false,
          "_timeout": 2000
        }
      ],
      "passes": [],
      "failures": [],
      "pending": [],
      "skipped": [],
      "duration": 0,
      "root": true,
      "rootEmpty": true,
      "_timeout": 2000
    }
  ],
  "meta": {
    "mocha": {
      "version": "7.0.1"
    },
    "mochawesome": {
      "options": {
        "quiet": true,
        "reportFilename": "mochawesome",
        "saveHtml": false,
        "saveJson": true,
        "consoleReporter": "spec",
        "useInlineDiffs": false,
        "code": true
      },
      "version": "7.1.3"
    },
    "marge": {
      "options": {
        "id": "default",
        "reporterDir": "mochawesome-report",
        "quiet": true,
        "overwrite": false,
        "html": false,
        "json": true
      },
      "version": "6.2.0"
    }
  }
}