{
  "stats": {
    "suites": 2,
    "tests": 4,
    "passes": 4,
    "pending": 0,
    "failures": 0,
    "start": "2022-09-09T05:31:45.441Z",
    "end": "2022-09-09T05:31:47.324Z",
    "duration": 1883,
    "testsRegistered": 4,
    "passPercent": 100,
    "pendingPercent": 0,
    "other": 0,
    "hasOther": false,
    "skipped": 0,
    "hasSkipped": false
  },
  "results": [
    {
      "uuid": "5b572647-1b06-4ede-90db-0df79b85d2cb",
      "title": "",
      "fullFile": "cypress/e2e/TaskCrud/addTask.cy.js",
      "file": "cypress/e2e/TaskCrud/addTask.cy.js",
      "beforeHooks": [],
      "afterHooks": [],
      "tests": [],
      "suites": [
        {
          "uuid": "ce048b39-bb75-4e67-848b-7724c868dd48",
          "title": "Task add test cases",
          "fullFile": "",
          "file": "",
          "beforeHooks": [],
          "afterHooks": [],
          "tests": [
            {
              "title": "text filed is thier and uto foucsed ",
              "fullTitle": "Task add test cases text filed is thier and uto foucsed ",
              "timedOut": null,
              "duration": 275,
              "state": "passed",
              "speed": "fast",
              "pass": true,
              "fail": false,
              "pending": false,
              "context": null,
              "code": "cy.focused().should(\"have.class\", \"input__lg\");",
              "err": {},
              "uuid": "8d929a54-ff48-4b9b-a41e-e05a47c973ec",
              "parentUUID": "ce048b39-bb75-4e67-848b-7724c868dd48",
              "isHook": false,
              "skipped": false
            },
            {
              "title": "text field is editable and accept input",
              "fullTitle": "Task add test cases text field is editable and accept input",
              "timedOut": null,
              "duration": 199,
              "state": "passed",
              "speed": "fast",
              "pass": true,
              "fail": false,
              "pending": false,
              "context": null,
              "code": "const task = \"task1\";\ncy.get(\"#new-todo-input\").type(task).should(\"have.value\", task);",
              "err": {},
              "uuid": "9a74eacf-bcc1-46f0-ba12-d4f8ec6820b5",
              "parentUUID": "ce048b39-bb75-4e67-848b-7724c868dd48",
              "isHook": false,
              "skipped": false
            },
            {
              "title": "add an task and verify it",
              "fullTitle": "Task add test cases add an task and verify it",
              "timedOut": null,
              "duration": 1357,
              "state": "passed",
              "speed": "fast",
              "pass": true,
              "fail": false,
              "pending": false,
              "context": null,
              "code": "cy.createTask(task);\ncy.wait(1000);\ncy.get(\".todo-list li\").should(\"have.length\", \"4\").and(\"contain\", task);",
              "err": {},
              "uuid": "e500fbca-caef-4031-a7c9-312412247e57",
              "parentUUID": "ce048b39-bb75-4e67-848b-7724c868dd48",
              "isHook": false,
              "skipped": false
            }
          ],
          "suites": [],
          "passes": [
            "8d929a54-ff48-4b9b-a41e-e05a47c973ec",
            "9a74eacf-bcc1-46f0-ba12-d4f8ec6820b5",
            "e500fbca-caef-4031-a7c9-312412247e57"
          ],
          "failures": [],
          "pending": [],
          "skipped": [],
          "duration": 1831,
          "root": false,
          "rootEmpty": false,
          "_timeout": 2000
        },
        {
          "uuid": "4eb5ddbf-5f28-4283-89a9-07ac38fc991b",
          "title": "Task add test cases",
          "fullFile": "",
          "file": "",
          "beforeHooks": [],
          "afterHooks": [],
          "tests": [
            {
              "title": "make sure newly added task is not chekced",
              "fullTitle": "Task add test cases make sure newly added task is not chekced",
              "timedOut": null,
              "duration": 20,
              "state": "passed",
              "speed": "fast",
              "pass": true,
              "fail": false,
              "pending": false,
              "context": null,
              "code": "cy.contains(\".todo-list li\", \"task\").should(\"not.be.checked\");",
              "err": {},
              "uuid": "1d0bb157-0b97-4239-bece-2fc7bd01cc02",
              "parentUUID": "4eb5ddbf-5f28-4283-89a9-07ac38fc991b",
              "isHook": false,
              "skipped": false
            }
          ],
          "suites": [],
          "passes": [
            "1d0bb157-0b97-4239-bece-2fc7bd01cc02"
          ],
          "failures": [],
          "pending": [],
          "skipped": [],
          "duration": 20,
          "root": false,
          "rootEmpty": false,
          "_timeout": 2000
        }
      ],
      "passes": [],
      "failures": [],
      "pending": [],
      "skipped": [],
      "duration": 0,
      "root": true,
      "rootEmpty": true,
      "_timeout": 2000
    }
  ],
  "meta": {
    "mocha": {
      "version": "7.0.1"
    },
    "mochawesome": {
      "options": {
        "quiet": true,
        "reportFilename": "mochawesome",
        "saveHtml": false,
        "saveJson": true,
        "consoleReporter": "spec",
        "useInlineDiffs": false,
        "code": true
      },
      "version": "7.1.3"
    },
    "marge": {
      "options": {
        "id": "default",
        "reporterDir": "mochawesome-report",
        "quiet": true,
        "overwrite": false,
        "html": false,
        "json": true
      },
      "version": "6.2.0"
    }
  }
}